This file contains any messages produced by compilers while
running configure, to aid debugging if configure makes a mistake.

It was created by PyBSP configure 1.0, which was
generated by GNU Autoconf 2.69.  Invocation command line was

  $ ./configure 

## --------- ##
## Platform. ##
## --------- ##

hostname = DataHacker
uname -m = x86_64
uname -r = 3.19.0-26-generic
uname -s = Linux
uname -v = #28-Ubuntu SMP Tue Aug 11 14:16:32 UTC 2015

/usr/bin/uname -p = unknown
/bin/uname -X     = unknown

/bin/arch              = unknown
/usr/bin/arch -k       = unknown
/usr/convex/getsysinfo = unknown
/usr/bin/hostinfo      = unknown
/bin/machine           = unknown
/usr/bin/oslevel       = unknown
/bin/universe          = unknown

PATH: /usr/local/sbin
PATH: /usr/local/bin
PATH: /usr/sbin
PATH: /usr/bin
PATH: /sbin
PATH: /bin
PATH: /usr/games
PATH: /usr/local/games


## ----------- ##
## Core tests. ##
## ----------- ##

configure:2355: checking for a BSD-compatible install
configure:2423: result: /usr/bin/install -c
configure:2434: checking whether build environment is sane
configure:2489: result: yes
configure:2640: checking for a thread-safe mkdir -p
configure:2679: result: /bin/mkdir -p
configure:2686: checking for gawk
configure:2716: result: no
configure:2686: checking for mawk
configure:2702: found /usr/bin/mawk
configure:2713: result: mawk
configure:2724: checking whether make sets $(MAKE)
configure:2746: result: yes
configure:2775: checking whether make supports nested variables
configure:2792: result: yes
configure:2983: checking for g++
configure:2999: found /usr/bin/g++
configure:3010: result: g++
configure:3037: checking for C++ compiler version
configure:3046: g++ --version >&5
g++ (Ubuntu 4.9.2-10ubuntu13) 4.9.2
Copyright (C) 2014 Free Software Foundation, Inc.
This is free software; see the source for copying conditions.  There is NO
warranty; not even for MERCHANTABILITY or FITNESS FOR A PARTICULAR PURPOSE.

configure:3057: $? = 0
configure:3046: g++ -v >&5
Using built-in specs.
COLLECT_GCC=g++
COLLECT_LTO_WRAPPER=/usr/lib/gcc/x86_64-linux-gnu/4.9/lto-wrapper
Target: x86_64-linux-gnu
Configured with: ../src/configure -v --with-pkgversion='Ubuntu 4.9.2-10ubuntu13' --with-bugurl=file:///usr/share/doc/gcc-4.9/README.Bugs --enable-languages=c,c++,java,go,d,fortran,objc,obj-c++ --prefix=/usr --program-suffix=-4.9 --enable-shared --enable-linker-build-id --libexecdir=/usr/lib --without-included-gettext --enable-threads=posix --with-gxx-include-dir=/usr/include/c++/4.9 --libdir=/usr/lib --enable-nls --with-sysroot=/ --enable-clocale=gnu --enable-libstdcxx-debug --enable-libstdcxx-time=yes --enable-gnu-unique-object --disable-vtable-verify --enable-plugin --with-system-zlib --disable-browser-plugin --enable-java-awt=gtk --enable-gtk-cairo --with-java-home=/usr/lib/jvm/java-1.5.0-gcj-4.9-amd64/jre --enable-java-home --with-jvm-root-dir=/usr/lib/jvm/java-1.5.0-gcj-4.9-amd64 --with-jvm-jar-dir=/usr/lib/jvm-exports/java-1.5.0-gcj-4.9-amd64 --with-arch-directory=amd64 --with-ecj-jar=/usr/share/java/eclipse-ecj.jar --enable-objc-gc --enable-multiarch --disable-werror --with-arch-32=i686 --with-abi=m64 --with-multilib-list=m32,m64,mx32 --enable-multilib --with-tune=generic --enable-checking=release --build=x86_64-linux-gnu --host=x86_64-linux-gnu --target=x86_64-linux-gnu
Thread model: posix
gcc version 4.9.2 (Ubuntu 4.9.2-10ubuntu13) 
configure:3057: $? = 0
configure:3046: g++ -V >&5
g++: error: unrecognized command line option '-V'
g++: fatal error: no input files
compilation terminated.
configure:3057: $? = 4
configure:3046: g++ -qversion >&5
g++: error: unrecognized command line option '-qversion'
g++: fatal error: no input files
compilation terminated.
configure:3057: $? = 4
configure:3077: checking whether the C++ compiler works
configure:3099: g++    conftest.cpp  >&5
configure:3103: $? = 0
configure:3151: result: yes
configure:3154: checking for C++ compiler default output file name
configure:3156: result: a.out
configure:3162: checking for suffix of executables
configure:3169: g++ -o conftest    conftest.cpp  >&5
configure:3173: $? = 0
configure:3195: result: 
configure:3217: checking whether we are cross compiling
configure:3225: g++ -o conftest    conftest.cpp  >&5
configure:3229: $? = 0
configure:3236: ./conftest
configure:3240: $? = 0
configure:3255: result: no
configure:3260: checking for suffix of object files
configure:3282: g++ -c   conftest.cpp >&5
configure:3286: $? = 0
configure:3307: result: o
configure:3311: checking whether we are using the GNU C++ compiler
configure:3330: g++ -c   conftest.cpp >&5
configure:3330: $? = 0
configure:3339: result: yes
configure:3348: checking whether g++ accepts -g
configure:3368: g++ -c -g  conftest.cpp >&5
configure:3368: $? = 0
configure:3409: result: yes
configure:3443: checking for style of include used by make
configure:3471: result: GNU
configure:3497: checking dependency style of g++
configure:3608: result: gcc3
configure:3673: checking for gcc
configure:3689: found /usr/bin/gcc
configure:3700: result: gcc
configure:3929: checking for C compiler version
configure:3938: gcc --version >&5
gcc (Ubuntu 4.9.2-10ubuntu13) 4.9.2
Copyright (C) 2014 Free Software Foundation, Inc.
This is free software; see the source for copying conditions.  There is NO
warranty; not even for MERCHANTABILITY or FITNESS FOR A PARTICULAR PURPOSE.

configure:3949: $? = 0
configure:3938: gcc -v >&5
Using built-in specs.
COLLECT_GCC=gcc
COLLECT_LTO_WRAPPER=/usr/lib/gcc/x86_64-linux-gnu/4.9/lto-wrapper
Target: x86_64-linux-gnu
Configured with: ../src/configure -v --with-pkgversion='Ubuntu 4.9.2-10ubuntu13' --with-bugurl=file:///usr/share/doc/gcc-4.9/README.Bugs --enable-languages=c,c++,java,go,d,fortran,objc,obj-c++ --prefix=/usr --program-suffix=-4.9 --enable-shared --enable-linker-build-id --libexecdir=/usr/lib --without-included-gettext --enable-threads=posix --with-gxx-include-dir=/usr/include/c++/4.9 --libdir=/usr/lib --enable-nls --with-sysroot=/ --enable-clocale=gnu --enable-libstdcxx-debug --enable-libstdcxx-time=yes --enable-gnu-unique-object --disable-vtable-verify --enable-plugin --with-system-zlib --disable-browser-plugin --enable-java-awt=gtk --enable-gtk-cairo --with-java-home=/usr/lib/jvm/java-1.5.0-gcj-4.9-amd64/jre --enable-java-home --with-jvm-root-dir=/usr/lib/jvm/java-1.5.0-gcj-4.9-amd64 --with-jvm-jar-dir=/usr/lib/jvm-exports/java-1.5.0-gcj-4.9-amd64 --with-arch-directory=amd64 --with-ecj-jar=/usr/share/java/eclipse-ecj.jar --enable-objc-gc --enable-multiarch --disable-werror --with-arch-32=i686 --with-abi=m64 --with-multilib-list=m32,m64,mx32 --enable-multilib --with-tune=generic --enable-checking=release --build=x86_64-linux-gnu --host=x86_64-linux-gnu --target=x86_64-linux-gnu
Thread model: posix
gcc version 4.9.2 (Ubuntu 4.9.2-10ubuntu13) 
configure:3949: $? = 0
configure:3938: gcc -V >&5
gcc: error: unrecognized command line option '-V'
gcc: fatal error: no input files
compilation terminated.
configure:3949: $? = 4
configure:3938: gcc -qversion >&5
gcc: error: unrecognized command line option '-qversion'
gcc: fatal error: no input files
compilation terminated.
configure:3949: $? = 4
configure:3953: checking whether we are using the GNU C compiler
configure:3972: gcc -c   conftest.c >&5
configure:3972: $? = 0
configure:3981: result: yes
configure:3990: checking whether gcc accepts -g
configure:4010: gcc -c -g  conftest.c >&5
configure:4010: $? = 0
configure:4051: result: yes
configure:4068: checking for gcc option to accept ISO C89
configure:4131: gcc  -c -g -O2  conftest.c >&5
configure:4131: $? = 0
configure:4144: result: none needed
configure:4169: checking whether gcc understands -c and -o together
configure:4191: gcc -c conftest.c -o conftest2.o
configure:4194: $? = 0
configure:4191: gcc -c conftest.c -o conftest2.o
configure:4194: $? = 0
configure:4206: result: yes
configure:4225: checking dependency style of gcc
configure:4336: result: gcc3
configure:4352: checking for MPI_Init in -lmpi
configure:4377: gcc -o conftest -g -O2   conftest.c -lmpi   >&5
configure:4377: $? = 0
configure:4386: result: yes
configure:4399: checking for main in -lmpi_cxx
configure:4418: gcc -o conftest -g -O2   conftest.c -lmpi_cxx  -lmpi  >&5
configure:4418: $? = 0
configure:4427: result: yes
configure:4438: checking for Py_Initialize in -lpython2.7
configure:4463: gcc -o conftest -g -O2   conftest.c -lpython2.7  -lmpi_cxx -lmpi  >&5
configure:4463: $? = 0
configure:4472: result: yes
configure:4492: checking how to run the C preprocessor
configure:4523: gcc -E  conftest.c
configure:4523: $? = 0
configure:4537: gcc -E  conftest.c
conftest.c:14:28: fatal error: ac_nonexistent.h: No such file or directory
 #include <ac_nonexistent.h>
                            ^
compilation terminated.
configure:4537: $? = 1
configure: failed program was:
| /* confdefs.h */
| #define PACKAGE_NAME "PyBSP"
| #define PACKAGE_TARNAME "pybsp"
| #define PACKAGE_VERSION "1.0"
| #define PACKAGE_STRING "PyBSP 1.0"
| #define PACKAGE_BUGREPORT "solker2015@gmail.com"
| #define PACKAGE_URL ""
| #define PACKAGE "PyBSP"
| #define VERSION "1.0"
| #define HAVE_LIBMPI 1
| #define HAVE_LIBMPI_CXX 1
| #define HAVE_LIBPYTHON2_7 1
| /* end confdefs.h.  */
| #include <ac_nonexistent.h>
configure:4562: result: gcc -E
configure:4582: gcc -E  conftest.c
configure:4582: $? = 0
configure:4596: gcc -E  conftest.c
conftest.c:14:28: fatal error: ac_nonexistent.h: No such file or directory
 #include <ac_nonexistent.h>
                            ^
compilation terminated.
configure:4596: $? = 1
configure: failed program was:
| /* confdefs.h */
| #define PACKAGE_NAME "PyBSP"
| #define PACKAGE_TARNAME "pybsp"
| #define PACKAGE_VERSION "1.0"
| #define PACKAGE_STRING "PyBSP 1.0"
| #define PACKAGE_BUGREPORT "solker2015@gmail.com"
| #define PACKAGE_URL ""
| #define PACKAGE "PyBSP"
| #define VERSION "1.0"
| #define HAVE_LIBMPI 1
| #define HAVE_LIBMPI_CXX 1
| #define HAVE_LIBPYTHON2_7 1
| /* end confdefs.h.  */
| #include <ac_nonexistent.h>
configure:4625: checking for grep that handles long lines and -e
configure:4683: result: /bin/grep
configure:4688: checking for egrep
configure:4750: result: /bin/grep -E
configure:4755: checking for ANSI C header files
configure:4775: gcc -c -g -O2  conftest.c >&5
configure:4775: $? = 0
configure:4848: gcc -o conftest -g -O2   conftest.c -lpython2.7 -lmpi_cxx -lmpi  >&5
configure:4848: $? = 0
configure:4848: ./conftest
configure:4848: $? = 0
configure:4859: result: yes
configure:4872: checking for sys/types.h
configure:4872: gcc -c -g -O2  conftest.c >&5
configure:4872: $? = 0
configure:4872: result: yes
configure:4872: checking for sys/stat.h
configure:4872: gcc -c -g -O2  conftest.c >&5
configure:4872: $? = 0
configure:4872: result: yes
configure:4872: checking for stdlib.h
configure:4872: gcc -c -g -O2  conftest.c >&5
configure:4872: $? = 0
configure:4872: result: yes
configure:4872: checking for string.h
configure:4872: gcc -c -g -O2  conftest.c >&5
configure:4872: $? = 0
configure:4872: result: yes
configure:4872: checking for memory.h
configure:4872: gcc -c -g -O2  conftest.c >&5
configure:4872: $? = 0
configure:4872: result: yes
configure:4872: checking for strings.h
configure:4872: gcc -c -g -O2  conftest.c >&5
configure:4872: $? = 0
configure:4872: result: yes
configure:4872: checking for inttypes.h
configure:4872: gcc -c -g -O2  conftest.c >&5
configure:4872: $? = 0
configure:4872: result: yes
configure:4872: checking for stdint.h
configure:4872: gcc -c -g -O2  conftest.c >&5
configure:4872: $? = 0
configure:4872: result: yes
configure:4872: checking for unistd.h
configure:4872: gcc -c -g -O2  conftest.c >&5
configure:4872: $? = 0
configure:4872: result: yes
configure:4886: checking for stdint.h
configure:4886: result: yes
configure:4898: checking mpi.h usability
configure:4898: gcc -c -g -O2  conftest.c >&5
conftest.c:58:17: fatal error: mpi.h: No such file or directory
 #include <mpi.h>
                 ^
compilation terminated.
configure:4898: $? = 1
configure: failed program was:
| /* confdefs.h */
| #define PACKAGE_NAME "PyBSP"
| #define PACKAGE_TARNAME "pybsp"
| #define PACKAGE_VERSION "1.0"
| #define PACKAGE_STRING "PyBSP 1.0"
| #define PACKAGE_BUGREPORT "solker2015@gmail.com"
| #define PACKAGE_URL ""
| #define PACKAGE "PyBSP"
| #define VERSION "1.0"
| #define HAVE_LIBMPI 1
| #define HAVE_LIBMPI_CXX 1
| #define HAVE_LIBPYTHON2_7 1
| #define STDC_HEADERS 1
| #define HAVE_SYS_TYPES_H 1
| #define HAVE_SYS_STAT_H 1
| #define HAVE_STDLIB_H 1
| #define HAVE_STRING_H 1
| #define HAVE_MEMORY_H 1
| #define HAVE_STRINGS_H 1
| #define HAVE_INTTYPES_H 1
| #define HAVE_STDINT_H 1
| #define HAVE_UNISTD_H 1
| #define HAVE_STDINT_H 1
| /* end confdefs.h.  */
| #include <stdio.h>
| #ifdef HAVE_SYS_TYPES_H
| # include <sys/types.h>
| #endif
| #ifdef HAVE_SYS_STAT_H
| # include <sys/stat.h>
| #endif
| #ifdef STDC_HEADERS
| # include <stdlib.h>
| # include <stddef.h>
| #else
| # ifdef HAVE_STDLIB_H
| #  include <stdlib.h>
| # endif
| #endif
| #ifdef HAVE_STRING_H
| # if !defined STDC_HEADERS && defined HAVE_MEMORY_H
| #  include <memory.h>
| # endif
| # include <string.h>
| #endif
| #ifdef HAVE_STRINGS_H
| # include <strings.h>
| #endif
| #ifdef HAVE_INTTYPES_H
| # include <inttypes.h>
| #endif
| #ifdef HAVE_STDINT_H
| # include <stdint.h>
| #endif
| #ifdef HAVE_UNISTD_H
| # include <unistd.h>
| #endif
| #include <mpi.h>
configure:4898: result: no
configure:4898: checking mpi.h presence
configure:4898: gcc -E  conftest.c
conftest.c:25:17: fatal error: mpi.h: No such file or directory
 #include <mpi.h>
                 ^
compilation terminated.
configure:4898: $? = 1
configure: failed program was:
| /* confdefs.h */
| #define PACKAGE_NAME "PyBSP"
| #define PACKAGE_TARNAME "pybsp"
| #define PACKAGE_VERSION "1.0"
| #define PACKAGE_STRING "PyBSP 1.0"
| #define PACKAGE_BUGREPORT "solker2015@gmail.com"
| #define PACKAGE_URL ""
| #define PACKAGE "PyBSP"
| #define VERSION "1.0"
| #define HAVE_LIBMPI 1
| #define HAVE_LIBMPI_CXX 1
| #define HAVE_LIBPYTHON2_7 1
| #define STDC_HEADERS 1
| #define HAVE_SYS_TYPES_H 1
| #define HAVE_SYS_STAT_H 1
| #define HAVE_STDLIB_H 1
| #define HAVE_STRING_H 1
| #define HAVE_MEMORY_H 1
| #define HAVE_STRINGS_H 1
| #define HAVE_INTTYPES_H 1
| #define HAVE_STDINT_H 1
| #define HAVE_UNISTD_H 1
| #define HAVE_STDINT_H 1
| /* end confdefs.h.  */
| #include <mpi.h>
configure:4898: result: no
configure:4898: checking for mpi.h
configure:4898: result: no
configure:4910: checking Python.h usability
configure:4910: gcc -c -g -O2  conftest.c >&5
conftest.c:58:20: fatal error: Python.h: No such file or directory
 #include <Python.h>
                    ^
compilation terminated.
configure:4910: $? = 1
configure: failed program was:
| /* confdefs.h */
| #define PACKAGE_NAME "PyBSP"
| #define PACKAGE_TARNAME "pybsp"
| #define PACKAGE_VERSION "1.0"
| #define PACKAGE_STRING "PyBSP 1.0"
| #define PACKAGE_BUGREPORT "solker2015@gmail.com"
| #define PACKAGE_URL ""
| #define PACKAGE "PyBSP"
| #define VERSION "1.0"
| #define HAVE_LIBMPI 1
| #define HAVE_LIBMPI_CXX 1
| #define HAVE_LIBPYTHON2_7 1
| #define STDC_HEADERS 1
| #define HAVE_SYS_TYPES_H 1
| #define HAVE_SYS_STAT_H 1
| #define HAVE_STDLIB_H 1
| #define HAVE_STRING_H 1
| #define HAVE_MEMORY_H 1
| #define HAVE_STRINGS_H 1
| #define HAVE_INTTYPES_H 1
| #define HAVE_STDINT_H 1
| #define HAVE_UNISTD_H 1
| #define HAVE_STDINT_H 1
| /* end confdefs.h.  */
| #include <stdio.h>
| #ifdef HAVE_SYS_TYPES_H
| # include <sys/types.h>
| #endif
| #ifdef HAVE_SYS_STAT_H
| # include <sys/stat.h>
| #endif
| #ifdef STDC_HEADERS
| # include <stdlib.h>
| # include <stddef.h>
| #else
| # ifdef HAVE_STDLIB_H
| #  include <stdlib.h>
| # endif
| #endif
| #ifdef HAVE_STRING_H
| # if !defined STDC_HEADERS && defined HAVE_MEMORY_H
| #  include <memory.h>
| # endif
| # include <string.h>
| #endif
| #ifdef HAVE_STRINGS_H
| # include <strings.h>
| #endif
| #ifdef HAVE_INTTYPES_H
| # include <inttypes.h>
| #endif
| #ifdef HAVE_STDINT_H
| # include <stdint.h>
| #endif
| #ifdef HAVE_UNISTD_H
| # include <unistd.h>
| #endif
| #include <Python.h>
configure:4910: result: no
configure:4910: checking Python.h presence
configure:4910: gcc -E  conftest.c
conftest.c:25:20: fatal error: Python.h: No such file or directory
 #include <Python.h>
                    ^
compilation terminated.
configure:4910: $? = 1
configure: failed program was:
| /* confdefs.h */
| #define PACKAGE_NAME "PyBSP"
| #define PACKAGE_TARNAME "pybsp"
| #define PACKAGE_VERSION "1.0"
| #define PACKAGE_STRING "PyBSP 1.0"
| #define PACKAGE_BUGREPORT "solker2015@gmail.com"
| #define PACKAGE_URL ""
| #define PACKAGE "PyBSP"
| #define VERSION "1.0"
| #define HAVE_LIBMPI 1
| #define HAVE_LIBMPI_CXX 1
| #define HAVE_LIBPYTHON2_7 1
| #define STDC_HEADERS 1
| #define HAVE_SYS_TYPES_H 1
| #define HAVE_SYS_STAT_H 1
| #define HAVE_STDLIB_H 1
| #define HAVE_STRING_H 1
| #define HAVE_MEMORY_H 1
| #define HAVE_STRINGS_H 1
| #define HAVE_INTTYPES_H 1
| #define HAVE_STDINT_H 1
| #define HAVE_UNISTD_H 1
| #define HAVE_STDINT_H 1
| /* end confdefs.h.  */
| #include <Python.h>
configure:4910: result: no
configure:4910: checking for Python.h
configure:4910: result: no
configure:4922: checking numpy/arrayobject.h usability
configure:4922: gcc -c -g -O2  conftest.c >&5
In file included from /usr/include/numpy/ndarraytypes.h:4:0,
                 from /usr/include/numpy/ndarrayobject.h:17,
                 from /usr/include/numpy/arrayobject.h:4,
                 from conftest.c:58:
/usr/include/numpy/npy_common.h:122:9: error: unknown type name 'Py_intptr_t'
 typedef Py_intptr_t npy_intp;
         ^
/usr/include/numpy/npy_common.h:123:9: error: unknown type name 'Py_uintptr_t'
 typedef Py_uintptr_t npy_uintp;
         ^
/usr/include/numpy/npy_common.h:268:2: error: #error Must use Python with unicode enabled.
 #error Must use Python with unicode enabled.
  ^
In file included from /usr/include/numpy/ndarraytypes.h:4:0,
                 from /usr/include/numpy/ndarrayobject.h:17,
                 from /usr/include/numpy/arrayobject.h:4,
                 from conftest.c:58:
/usr/include/numpy/npy_common.h:916:9: error: unknown type name 'npy_uint16'
 typedef npy_uint16 npy_half;
         ^
In file included from /usr/include/numpy/ndarrayobject.h:17:0,
                 from /usr/include/numpy/arrayobject.h:4,
                 from conftest.c:58:
/usr/include/numpy/ndarraytypes.h:363:9: error: unknown type name 'PyObject'
 typedef PyObject * (PyArray_GetItemFunc) (void *, void *);
         ^
/usr/include/numpy/ndarraytypes.h:364:35: error: unknown type name 'PyObject'
 typedef int (PyArray_SetItemFunc)(PyObject *, void *, void *);
                                   ^
/usr/include/numpy/ndarraytypes.h:441:9: error: unknown type name 'PyArray_SetItemFunc'
         PyArray_SetItemFunc *setitem;
         ^
/usr/include/numpy/ndarraytypes.h:513:9: error: unknown type name 'PyObject'
         PyObject *castdict;
         ^
/usr/include/numpy/ndarraytypes.h:573:9: error: unknown type name 'PyObject_HEAD'
         PyObject_HEAD
         ^
/usr/include/numpy/ndarraytypes.h:580:22: error: expected ':', ',', ';', '}' or '__attribute__' before '*' token
         PyTypeObject *typeobj;
                      ^
/usr/include/numpy/ndarraytypes.h:632:9: error: unknown type name 'PyObject'
         PyObject *shape;       /* a tuple */
         ^
/usr/include/numpy/ndarraytypes.h:647:5: error: expected specifier-qualifier-list before 'PyObject_HEAD'
     PyObject_HEAD
     ^
/usr/include/numpy/ndarraytypes.h:707:9: error: unknown type name 'PyObject_HEAD'
         PyObject_HEAD
         ^
/usr/include/numpy/ndarraytypes.h:708:18: error: expected ':', ',', ';', '}' or '__attribute__' before '*' token
         PyObject *arr;
                  ^
/usr/include/numpy/ndarraytypes.h:715:9: error: unknown type name 'PyObject_HEAD'
         PyObject_HEAD
         ^
/usr/include/numpy/ndarraytypes.h:716:18: error: expected ':', ',', ';', '}' or '__attribute__' before '*' token
         PyObject *base;
                  ^
/usr/include/numpy/ndarraytypes.h:738:9: error: unknown type name 'npy_int32'
         npy_int32 month, day, hour, min, sec, us, ps, as;
         ^
/usr/include/numpy/ndarraytypes.h:744:9: error: unknown type name 'npy_int32'
         npy_int32 sec, us, ps, as;
         ^
/usr/include/numpy/ndarraytypes.h:747:53: error: unknown type name 'PyObject'
 typedef int (PyArray_FinalizeFunc)(PyArrayObject *, PyObject *);
                                                     ^
/usr/include/numpy/ndarraytypes.h:1055:9: error: expected specifier-qualifier-list before 'PyObject_HEAD'
         PyObject_HEAD
         ^
/usr/include/numpy/ndarraytypes.h:1207:9: error: expected specifier-qualifier-list before 'PyObject_HEAD'
         PyObject_HEAD
         ^
/usr/include/numpy/ndarraytypes.h:1261:9: error: expected specifier-qualifier-list before 'PyObject_HEAD'
         PyObject_HEAD
         ^
/usr/include/numpy/ndarraytypes.h:1312:5: error: expected specifier-qualifier-list before 'PyObject_HEAD'
     PyObject_HEAD
     ^
In file included from /usr/include/numpy/ndarraytypes.h:1374:0,
                 from /usr/include/numpy/ndarrayobject.h:17,
                 from /usr/include/numpy/arrayobject.h:4,
                 from conftest.c:58:
/usr/include/numpy/_neighborhood_iterator_imp.h: In function '_PyArrayNeighborhoodIter_IncrCoord':
/usr/include/numpy/_neighborhood_iterator_imp.h:42:18: error: 'PyArrayNeighborhoodIterObject' has no member named 'nd'
     for (i = iter->nd - 1; i >= 0; --i) {
                  ^
/usr/include/numpy/_neighborhood_iterator_imp.h:43:9: error: 'PyArrayNeighborhoodIterObject' has no member named 'coordinates'
         _UPDATE_COORD_ITER(i)
         ^
/usr/include/numpy/_neighborhood_iterator_imp.h:43:9: error: 'PyArrayNeighborhoodIterObject' has no member named 'bounds'
         _UPDATE_COORD_ITER(i)
         ^
/usr/include/numpy/_neighborhood_iterator_imp.h:43:9: error: 'PyArrayNeighborhoodIterObject' has no member named 'coordinates'
         _UPDATE_COORD_ITER(i)
         ^
/usr/include/numpy/_neighborhood_iterator_imp.h:43:9: error: 'PyArrayNeighborhoodIterObject' has no member named 'coordinates'
         _UPDATE_COORD_ITER(i)
         ^
/usr/include/numpy/_neighborhood_iterator_imp.h:43:9: error: 'PyArrayNeighborhoodIterObject' has no member named 'bounds'
         _UPDATE_COORD_ITER(i)
         ^
/usr/include/numpy/_neighborhood_iterator_imp.h: In function '_PyArrayNeighborhoodIter_IncrCoord2D':
/usr/include/numpy/_neighborhood_iterator_imp.h:57:5: error: 'PyArrayNeighborhoodIterObject' has no member named 'coordinates'
     _UPDATE_COORD_ITER(1)
     ^
/usr/include/numpy/_neighborhood_iterator_imp.h:57:5: error: 'PyArrayNeighborhoodIterObject' has no member named 'bounds'
     _UPDATE_COORD_ITER(1)
     ^
/usr/include/numpy/_neighborhood_iterator_imp.h:57:5: error: 'PyArrayNeighborhoodIterObject' has no member named 'coordinates'
     _UPDATE_COORD_ITER(1)
     ^
/usr/include/numpy/_neighborhood_iterator_imp.h:57:5: error: 'PyArrayNeighborhoodIterObject' has no member named 'coordinates'
     _UPDATE_COORD_ITER(1)
     ^
/usr/include/numpy/_neighborhood_iterator_imp.h:57:5: error: 'PyArrayNeighborhoodIterObject' has no member named 'bounds'
     _UPDATE_COORD_ITER(1)
     ^
/usr/include/numpy/_neighborhood_iterator_imp.h:58:5: error: 'PyArrayNeighborhoodIterObject' has no member named 'coordinates'
     _UPDATE_COORD_ITER(0)
     ^
/usr/include/numpy/_neighborhood_iterator_imp.h:58:5: error: 'PyArrayNeighborhoodIterObject' has no member named 'bounds'
     _UPDATE_COORD_ITER(0)
     ^
/usr/include/numpy/_neighborhood_iterator_imp.h:58:5: error: 'PyArrayNeighborhoodIterObject' has no member named 'coordinates'
     _UPDATE_COORD_ITER(0)
     ^
/usr/include/numpy/_neighborhood_iterator_imp.h:58:5: error: 'PyArrayNeighborhoodIterObject' has no member named 'coordinates'
     _UPDATE_COORD_ITER(0)
     ^
/usr/include/numpy/_neighborhood_iterator_imp.h:58:5: error: 'PyArrayNeighborhoodIterObject' has no member named 'bounds'
     _UPDATE_COORD_ITER(0)
     ^
/usr/include/numpy/_neighborhood_iterator_imp.h: In function 'PyArrayNeighborhoodIter_Next':
/usr/include/numpy/_neighborhood_iterator_imp.h:71:9: error: 'PyArrayNeighborhoodIterObject' has no member named 'dataptr'
     iter->dataptr = iter->translate((PyArrayIterObject*)iter, iter->coordinates);
         ^
/usr/include/numpy/_neighborhood_iterator_imp.h:71:25: error: 'PyArrayNeighborhoodIterObject' has no member named 'translate'
     iter->dataptr = iter->translate((PyArrayIterObject*)iter, iter->coordinates);
                         ^
/usr/include/numpy/_neighborhood_iterator_imp.h:71:67: error: 'PyArrayNeighborhoodIterObject' has no member named 'coordinates'
     iter->dataptr = iter->translate((PyArrayIterObject*)iter, iter->coordinates);
                                                                   ^
/usr/include/numpy/_neighborhood_iterator_imp.h: In function 'PyArrayNeighborhoodIter_Reset':
/usr/include/numpy/_neighborhood_iterator_imp.h:84:25: error: 'PyArrayNeighborhoodIterObject' has no member named 'nd'
     for (i = 0; i < iter->nd; ++i) {
                         ^
/usr/include/numpy/_neighborhood_iterator_imp.h:85:13: error: 'PyArrayNeighborhoodIterObject' has no member named 'coordinates'
         iter->coordinates[i] = iter->bounds[i][0];
             ^
/usr/include/numpy/_neighborhood_iterator_imp.h:85:36: error: 'PyArrayNeighborhoodIterObject' has no member named 'bounds'
         iter->coordinates[i] = iter->bounds[i][0];
                                    ^
/usr/include/numpy/_neighborhood_iterator_imp.h:87:9: error: 'PyArrayNeighborhoodIterObject' has no member named 'dataptr'
     iter->dataptr = iter->translate((PyArrayIterObject*)iter, iter->coordinates);
         ^
/usr/include/numpy/_neighborhood_iterator_imp.h:87:25: error: 'PyArrayNeighborhoodIterObject' has no member named 'translate'
     iter->dataptr = iter->translate((PyArrayIterObject*)iter, iter->coordinates);
                         ^
/usr/include/numpy/_neighborhood_iterator_imp.h:87:67: error: 'PyArrayNeighborhoodIterObject' has no member named 'coordinates'
     iter->dataptr = iter->translate((PyArrayIterObject*)iter, iter->coordinates);
                                                                   ^
In file included from /usr/include/numpy/ndarrayobject.h:17:0,
                 from /usr/include/numpy/arrayobject.h:4,
                 from conftest.c:58:
/usr/include/numpy/ndarraytypes.h: In function 'PyArray_DTYPE':
/usr/include/numpy/ndarraytypes.h:1534:41: error: 'PyArrayObject_fields' has no member named 'descr'
     return ((PyArrayObject_fields *)arr)->descr;
                                         ^
/usr/include/numpy/ndarraytypes.h: In function 'PyArray_SHAPE':
/usr/include/numpy/ndarraytypes.h:1540:41: error: 'PyArrayObject_fields' has no member named 'dimensions'
     return ((PyArrayObject_fields *)arr)->dimensions;
                                         ^
/usr/include/numpy/ndarraytypes.h: In function 'PyArray_ENABLEFLAGS':
/usr/include/numpy/ndarraytypes.h:1550:34: error: 'PyArrayObject_fields' has no member named 'flags'
     ((PyArrayObject_fields *)arr)->flags |= flags;
                                  ^
/usr/include/numpy/ndarraytypes.h: In function 'PyArray_CLEARFLAGS':
/usr/include/numpy/ndarraytypes.h:1560:34: error: 'PyArrayObject_fields' has no member named 'flags'
     ((PyArrayObject_fields *)arr)->flags &= ~flags;
                                  ^
/usr/include/numpy/ndarraytypes.h: At top level:
/usr/include/numpy/ndarraytypes.h:1738:5: error: unknown type name 'PyObject'
     PyObject *descr;      /*
     ^
In file included from /usr/include/numpy/ndarraytypes.h:1761:0,
                 from /usr/include/numpy/ndarrayobject.h:17,
                 from /usr/include/numpy/arrayobject.h:4,
                 from conftest.c:58:
/usr/include/numpy/npy_1_7_deprecated_api.h:15:2: warning: #warning "Using deprecated NumPy API, disable it by " "#defining NPY_NO_DEPRECATED_API NPY_1_7_API_VERSION" [-Wcpp]
 #warning "Using deprecated NumPy API, disable it by " \
  ^
In file included from /usr/include/numpy/ndarrayobject.h:26:0,
                 from /usr/include/numpy/arrayobject.h:4,
                 from conftest.c:58:
/usr/include/numpy/__multiarray_api.h: In function '_import_array':
/usr/include/numpy/__multiarray_api.h:1632:3: error: unknown type name 'PyObject'
   PyObject *numpy = PyImport_ImportModule("numpy.core.multiarray");
   ^
/usr/include/numpy/__multiarray_api.h:1633:3: error: unknown type name 'PyObject'
   PyObject *c_api = NULL;
   ^
/usr/include/numpy/__multiarray_api.h:1636:23: error: 'PyExc_ImportError' undeclared (first use in this function)
       PyErr_SetString(PyExc_ImportError, "numpy.core.multiarray failed to import");
                       ^
/usr/include/numpy/__multiarray_api.h:1636:23: note: each undeclared identifier is reported only once for each function it appears in
/usr/include/numpy/__multiarray_api.h:1642:23: error: 'PyExc_AttributeError' undeclared (first use in this function)
       PyErr_SetString(PyExc_AttributeError, "_ARRAY_API not found");
                       ^
/usr/include/numpy/__multiarray_api.h:1655:23: error: 'PyExc_RuntimeError' undeclared (first use in this function)
       PyErr_SetString(PyExc_RuntimeError, "_ARRAY_API is not PyCObject object");
                       ^
In file included from /usr/include/numpy/ndarrayobject.h:17:0,
                 from /usr/include/numpy/arrayobject.h:4,
                 from conftest.c:58:
/usr/include/numpy/ndarrayobject.h: In function 'PyArray_XDECREF_ERR':
/usr/include/numpy/ndarrayobject.h:167:13: error: 'PyArrayObject_fields' has no member named 'flags'
         if (PyArray_FLAGS(arr) & NPY_ARRAY_UPDATEIFCOPY) {
             ^
/usr/include/numpy/ndarrayobject.h:168:52: error: 'PyArrayObject_fields' has no member named 'base'
             PyArrayObject *base = (PyArrayObject *)PyArray_BASE(arr);
                                                    ^
configure:4922: $? = 1
configure: failed program was:
| /* confdefs.h */
| #define PACKAGE_NAME "PyBSP"
| #define PACKAGE_TARNAME "pybsp"
| #define PACKAGE_VERSION "1.0"
| #define PACKAGE_STRING "PyBSP 1.0"
| #define PACKAGE_BUGREPORT "solker2015@gmail.com"
| #define PACKAGE_URL ""
| #define PACKAGE "PyBSP"
| #define VERSION "1.0"
| #define HAVE_LIBMPI 1
| #define HAVE_LIBMPI_CXX 1
| #define HAVE_LIBPYTHON2_7 1
| #define STDC_HEADERS 1
| #define HAVE_SYS_TYPES_H 1
| #define HAVE_SYS_STAT_H 1
| #define HAVE_STDLIB_H 1
| #define HAVE_STRING_H 1
| #define HAVE_MEMORY_H 1
| #define HAVE_STRINGS_H 1
| #define HAVE_INTTYPES_H 1
| #define HAVE_STDINT_H 1
| #define HAVE_UNISTD_H 1
| #define HAVE_STDINT_H 1
| /* end confdefs.h.  */
| #include <stdio.h>
| #ifdef HAVE_SYS_TYPES_H
| # include <sys/types.h>
| #endif
| #ifdef HAVE_SYS_STAT_H
| # include <sys/stat.h>
| #endif
| #ifdef STDC_HEADERS
| # include <stdlib.h>
| # include <stddef.h>
| #else
| # ifdef HAVE_STDLIB_H
| #  include <stdlib.h>
| # endif
| #endif
| #ifdef HAVE_STRING_H
| # if !defined STDC_HEADERS && defined HAVE_MEMORY_H
| #  include <memory.h>
| # endif
| # include <string.h>
| #endif
| #ifdef HAVE_STRINGS_H
| # include <strings.h>
| #endif
| #ifdef HAVE_INTTYPES_H
| # include <inttypes.h>
| #endif
| #ifdef HAVE_STDINT_H
| # include <stdint.h>
| #endif
| #ifdef HAVE_UNISTD_H
| # include <unistd.h>
| #endif
| #include <numpy/arrayobject.h>
configure:4922: result: no
configure:4922: checking numpy/arrayobject.h presence
configure:4922: gcc -E  conftest.c
In file included from /usr/include/numpy/ndarraytypes.h:4:0,
                 from /usr/include/numpy/ndarrayobject.h:17,
                 from /usr/include/numpy/arrayobject.h:4,
                 from conftest.c:25:
/usr/include/numpy/npy_common.h:268:2: error: #error Must use Python with unicode enabled.
 #error Must use Python with unicode enabled.
  ^
In file included from /usr/include/numpy/ndarraytypes.h:1761:0,
                 from /usr/include/numpy/ndarrayobject.h:17,
                 from /usr/include/numpy/arrayobject.h:4,
                 from conftest.c:25:
/usr/include/numpy/npy_1_7_deprecated_api.h:15:2: warning: #warning "Using deprecated NumPy API, disable it by " "#defining NPY_NO_DEPRECATED_API NPY_1_7_API_VERSION" [-Wcpp]
 #warning "Using deprecated NumPy API, disable it by " \
  ^
configure:4922: $? = 1
configure: failed program was:
| /* confdefs.h */
| #define PACKAGE_NAME "PyBSP"
| #define PACKAGE_TARNAME "pybsp"
| #define PACKAGE_VERSION "1.0"
| #define PACKAGE_STRING "PyBSP 1.0"
| #define PACKAGE_BUGREPORT "solker2015@gmail.com"
| #define PACKAGE_URL ""
| #define PACKAGE "PyBSP"
| #define VERSION "1.0"
| #define HAVE_LIBMPI 1
| #define HAVE_LIBMPI_CXX 1
| #define HAVE_LIBPYTHON2_7 1
| #define STDC_HEADERS 1
| #define HAVE_SYS_TYPES_H 1
| #define HAVE_SYS_STAT_H 1
| #define HAVE_STDLIB_H 1
| #define HAVE_STRING_H 1
| #define HAVE_MEMORY_H 1
| #define HAVE_STRINGS_H 1
| #define HAVE_INTTYPES_H 1
| #define HAVE_STDINT_H 1
| #define HAVE_UNISTD_H 1
| #define HAVE_STDINT_H 1
| /* end confdefs.h.  */
| #include <numpy/arrayobject.h>
configure:4922: result: no
configure:4922: checking for numpy/arrayobject.h
configure:4922: result: no
configure:4934: checking for stdbool.h that conforms to C99
configure:5001: gcc -c -g -O2  conftest.c >&5
configure:5001: $? = 0
configure:5008: result: yes
configure:5010: checking for _Bool
configure:5010: gcc -c -g -O2  conftest.c >&5
configure:5010: $? = 0
configure:5010: gcc -c -g -O2  conftest.c >&5
conftest.c: In function 'main':
conftest.c:61:20: error: expected expression before ')' token
 if (sizeof ((_Bool)))
                    ^
configure:5010: $? = 1
configure: failed program was:
| /* confdefs.h */
| #define PACKAGE_NAME "PyBSP"
| #define PACKAGE_TARNAME "pybsp"
| #define PACKAGE_VERSION "1.0"
| #define PACKAGE_STRING "PyBSP 1.0"
| #define PACKAGE_BUGREPORT "solker2015@gmail.com"
| #define PACKAGE_URL ""
| #define PACKAGE "PyBSP"
| #define VERSION "1.0"
| #define HAVE_LIBMPI 1
| #define HAVE_LIBMPI_CXX 1
| #define HAVE_LIBPYTHON2_7 1
| #define STDC_HEADERS 1
| #define HAVE_SYS_TYPES_H 1
| #define HAVE_SYS_STAT_H 1
| #define HAVE_STDLIB_H 1
| #define HAVE_STRING_H 1
| #define HAVE_MEMORY_H 1
| #define HAVE_STRINGS_H 1
| #define HAVE_INTTYPES_H 1
| #define HAVE_STDINT_H 1
| #define HAVE_UNISTD_H 1
| #define HAVE_STDINT_H 1
| /* end confdefs.h.  */
| #include <stdio.h>
| #ifdef HAVE_SYS_TYPES_H
| # include <sys/types.h>
| #endif
| #ifdef HAVE_SYS_STAT_H
| # include <sys/stat.h>
| #endif
| #ifdef STDC_HEADERS
| # include <stdlib.h>
| # include <stddef.h>
| #else
| # ifdef HAVE_STDLIB_H
| #  include <stdlib.h>
| # endif
| #endif
| #ifdef HAVE_STRING_H
| # if !defined STDC_HEADERS && defined HAVE_MEMORY_H
| #  include <memory.h>
| # endif
| # include <string.h>
| #endif
| #ifdef HAVE_STRINGS_H
| # include <strings.h>
| #endif
| #ifdef HAVE_INTTYPES_H
| # include <inttypes.h>
| #endif
| #ifdef HAVE_STDINT_H
| # include <stdint.h>
| #endif
| #ifdef HAVE_UNISTD_H
| # include <unistd.h>
| #endif
| int
| main ()
| {
| if (sizeof ((_Bool)))
| 	    return 0;
|   ;
|   return 0;
| }
configure:5010: result: yes
configure:5021: checking for int16_t
configure:5021: gcc -c -g -O2  conftest.c >&5
configure:5021: $? = 0
configure:5021: gcc -c -g -O2  conftest.c >&5
conftest.c: In function 'main':
conftest.c:63:12: error: size of array 'test_array' is negative
 static int test_array [1 - 2 * !((int16_t) (((((int16_t) 1 << N) << N) - 1) * 2 + 1)
            ^
configure:5021: $? = 1
configure: failed program was:
| /* confdefs.h */
| #define PACKAGE_NAME "PyBSP"
| #define PACKAGE_TARNAME "pybsp"
| #define PACKAGE_VERSION "1.0"
| #define PACKAGE_STRING "PyBSP 1.0"
| #define PACKAGE_BUGREPORT "solker2015@gmail.com"
| #define PACKAGE_URL ""
| #define PACKAGE "PyBSP"
| #define VERSION "1.0"
| #define HAVE_LIBMPI 1
| #define HAVE_LIBMPI_CXX 1
| #define HAVE_LIBPYTHON2_7 1
| #define STDC_HEADERS 1
| #define HAVE_SYS_TYPES_H 1
| #define HAVE_SYS_STAT_H 1
| #define HAVE_STDLIB_H 1
| #define HAVE_STRING_H 1
| #define HAVE_MEMORY_H 1
| #define HAVE_STRINGS_H 1
| #define HAVE_INTTYPES_H 1
| #define HAVE_STDINT_H 1
| #define HAVE_UNISTD_H 1
| #define HAVE_STDINT_H 1
| #define HAVE__BOOL 1
| /* end confdefs.h.  */
| #include <stdio.h>
| #ifdef HAVE_SYS_TYPES_H
| # include <sys/types.h>
| #endif
| #ifdef HAVE_SYS_STAT_H
| # include <sys/stat.h>
| #endif
| #ifdef STDC_HEADERS
| # include <stdlib.h>
| # include <stddef.h>
| #else
| # ifdef HAVE_STDLIB_H
| #  include <stdlib.h>
| # endif
| #endif
| #ifdef HAVE_STRING_H
| # if !defined STDC_HEADERS && defined HAVE_MEMORY_H
| #  include <memory.h>
| # endif
| # include <string.h>
| #endif
| #ifdef HAVE_STRINGS_H
| # include <strings.h>
| #endif
| #ifdef HAVE_INTTYPES_H
| # include <inttypes.h>
| #endif
| #ifdef HAVE_STDINT_H
| # include <stdint.h>
| #endif
| #ifdef HAVE_UNISTD_H
| # include <unistd.h>
| #endif
| 	        enum { N = 16 / 2 - 1 };
| int
| main ()
| {
| static int test_array [1 - 2 * !((int16_t) (((((int16_t) 1 << N) << N) - 1) * 2 + 1)
| 		 < (int16_t) (((((int16_t) 1 << N) << N) - 1) * 2 + 2))];
| test_array [0] = 0;
| return test_array [0];
| 
|   ;
|   return 0;
| }
configure:5021: result: yes
configure:5032: checking for int32_t
configure:5032: gcc -c -g -O2  conftest.c >&5
configure:5032: $? = 0
configure:5032: gcc -c -g -O2  conftest.c >&5
conftest.c: In function 'main':
conftest.c:64:53: warning: integer overflow in expression [-Woverflow]
    < (int32_t) (((((int32_t) 1 << N) << N) - 1) * 2 + 2))];
                                                     ^
conftest.c:63:12: error: storage size of 'test_array' isn't constant
 static int test_array [1 - 2 * !((int32_t) (((((int32_t) 1 << N) << N) - 1) * 2 + 1)
            ^
configure:5032: $? = 1
configure: failed program was:
| /* confdefs.h */
| #define PACKAGE_NAME "PyBSP"
| #define PACKAGE_TARNAME "pybsp"
| #define PACKAGE_VERSION "1.0"
| #define PACKAGE_STRING "PyBSP 1.0"
| #define PACKAGE_BUGREPORT "solker2015@gmail.com"
| #define PACKAGE_URL ""
| #define PACKAGE "PyBSP"
| #define VERSION "1.0"
| #define HAVE_LIBMPI 1
| #define HAVE_LIBMPI_CXX 1
| #define HAVE_LIBPYTHON2_7 1
| #define STDC_HEADERS 1
| #define HAVE_SYS_TYPES_H 1
| #define HAVE_SYS_STAT_H 1
| #define HAVE_STDLIB_H 1
| #define HAVE_STRING_H 1
| #define HAVE_MEMORY_H 1
| #define HAVE_STRINGS_H 1
| #define HAVE_INTTYPES_H 1
| #define HAVE_STDINT_H 1
| #define HAVE_UNISTD_H 1
| #define HAVE_STDINT_H 1
| #define HAVE__BOOL 1
| /* end confdefs.h.  */
| #include <stdio.h>
| #ifdef HAVE_SYS_TYPES_H
| # include <sys/types.h>
| #endif
| #ifdef HAVE_SYS_STAT_H
| # include <sys/stat.h>
| #endif
| #ifdef STDC_HEADERS
| # include <stdlib.h>
| # include <stddef.h>
| #else
| # ifdef HAVE_STDLIB_H
| #  include <stdlib.h>
| # endif
| #endif
| #ifdef HAVE_STRING_H
| # if !defined STDC_HEADERS && defined HAVE_MEMORY_H
| #  include <memory.h>
| # endif
| # include <string.h>
| #endif
| #ifdef HAVE_STRINGS_H
| # include <strings.h>
| #endif
| #ifdef HAVE_INTTYPES_H
| # include <inttypes.h>
| #endif
| #ifdef HAVE_STDINT_H
| # include <stdint.h>
| #endif
| #ifdef HAVE_UNISTD_H
| # include <unistd.h>
| #endif
| 	        enum { N = 32 / 2 - 1 };
| int
| main ()
| {
| static int test_array [1 - 2 * !((int32_t) (((((int32_t) 1 << N) << N) - 1) * 2 + 1)
| 		 < (int32_t) (((((int32_t) 1 << N) << N) - 1) * 2 + 2))];
| test_array [0] = 0;
| return test_array [0];
| 
|   ;
|   return 0;
| }
configure:5032: result: yes
configure:5043: checking for int64_t
configure:5043: gcc -c -g -O2  conftest.c >&5
configure:5043: $? = 0
configure:5043: gcc -c -g -O2  conftest.c >&5
conftest.c: In function 'main':
conftest.c:64:53: warning: integer overflow in expression [-Woverflow]
    < (int64_t) (((((int64_t) 1 << N) << N) - 1) * 2 + 2))];
                                                     ^
conftest.c:63:12: error: storage size of 'test_array' isn't constant
 static int test_array [1 - 2 * !((int64_t) (((((int64_t) 1 << N) << N) - 1) * 2 + 1)
            ^
configure:5043: $? = 1
configure: failed program was:
| /* confdefs.h */
| #define PACKAGE_NAME "PyBSP"
| #define PACKAGE_TARNAME "pybsp"
| #define PACKAGE_VERSION "1.0"
| #define PACKAGE_STRING "PyBSP 1.0"
| #define PACKAGE_BUGREPORT "solker2015@gmail.com"
| #define PACKAGE_URL ""
| #define PACKAGE "PyBSP"
| #define VERSION "1.0"
| #define HAVE_LIBMPI 1
| #define HAVE_LIBMPI_CXX 1
| #define HAVE_LIBPYTHON2_7 1
| #define STDC_HEADERS 1
| #define HAVE_SYS_TYPES_H 1
| #define HAVE_SYS_STAT_H 1
| #define HAVE_STDLIB_H 1
| #define HAVE_STRING_H 1
| #define HAVE_MEMORY_H 1
| #define HAVE_STRINGS_H 1
| #define HAVE_INTTYPES_H 1
| #define HAVE_STDINT_H 1
| #define HAVE_UNISTD_H 1
| #define HAVE_STDINT_H 1
| #define HAVE__BOOL 1
| /* end confdefs.h.  */
| #include <stdio.h>
| #ifdef HAVE_SYS_TYPES_H
| # include <sys/types.h>
| #endif
| #ifdef HAVE_SYS_STAT_H
| # include <sys/stat.h>
| #endif
| #ifdef STDC_HEADERS
| # include <stdlib.h>
| # include <stddef.h>
| #else
| # ifdef HAVE_STDLIB_H
| #  include <stdlib.h>
| # endif
| #endif
| #ifdef HAVE_STRING_H
| # if !defined STDC_HEADERS && defined HAVE_MEMORY_H
| #  include <memory.h>
| # endif
| # include <string.h>
| #endif
| #ifdef HAVE_STRINGS_H
| # include <strings.h>
| #endif
| #ifdef HAVE_INTTYPES_H
| # include <inttypes.h>
| #endif
| #ifdef HAVE_STDINT_H
| # include <stdint.h>
| #endif
| #ifdef HAVE_UNISTD_H
| # include <unistd.h>
| #endif
| 	        enum { N = 64 / 2 - 1 };
| int
| main ()
| {
| static int test_array [1 - 2 * !((int64_t) (((((int64_t) 1 << N) << N) - 1) * 2 + 1)
| 		 < (int64_t) (((((int64_t) 1 << N) << N) - 1) * 2 + 2))];
| test_array [0] = 0;
| return test_array [0];
| 
|   ;
|   return 0;
| }
configure:5043: result: yes
configure:5054: checking for int8_t
configure:5054: gcc -c -g -O2  conftest.c >&5
configure:5054: $? = 0
configure:5054: gcc -c -g -O2  conftest.c >&5
conftest.c: In function 'main':
conftest.c:63:12: error: size of array 'test_array' is negative
 static int test_array [1 - 2 * !((int8_t) (((((int8_t) 1 << N) << N) - 1) * 2 + 1)
            ^
configure:5054: $? = 1
configure: failed program was:
| /* confdefs.h */
| #define PACKAGE_NAME "PyBSP"
| #define PACKAGE_TARNAME "pybsp"
| #define PACKAGE_VERSION "1.0"
| #define PACKAGE_STRING "PyBSP 1.0"
| #define PACKAGE_BUGREPORT "solker2015@gmail.com"
| #define PACKAGE_URL ""
| #define PACKAGE "PyBSP"
| #define VERSION "1.0"
| #define HAVE_LIBMPI 1
| #define HAVE_LIBMPI_CXX 1
| #define HAVE_LIBPYTHON2_7 1
| #define STDC_HEADERS 1
| #define HAVE_SYS_TYPES_H 1
| #define HAVE_SYS_STAT_H 1
| #define HAVE_STDLIB_H 1
| #define HAVE_STRING_H 1
| #define HAVE_MEMORY_H 1
| #define HAVE_STRINGS_H 1
| #define HAVE_INTTYPES_H 1
| #define HAVE_STDINT_H 1
| #define HAVE_UNISTD_H 1
| #define HAVE_STDINT_H 1
| #define HAVE__BOOL 1
| /* end confdefs.h.  */
| #include <stdio.h>
| #ifdef HAVE_SYS_TYPES_H
| # include <sys/types.h>
| #endif
| #ifdef HAVE_SYS_STAT_H
| # include <sys/stat.h>
| #endif
| #ifdef STDC_HEADERS
| # include <stdlib.h>
| # include <stddef.h>
| #else
| # ifdef HAVE_STDLIB_H
| #  include <stdlib.h>
| # endif
| #endif
| #ifdef HAVE_STRING_H
| # if !defined STDC_HEADERS && defined HAVE_MEMORY_H
| #  include <memory.h>
| # endif
| # include <string.h>
| #endif
| #ifdef HAVE_STRINGS_H
| # include <strings.h>
| #endif
| #ifdef HAVE_INTTYPES_H
| # include <inttypes.h>
| #endif
| #ifdef HAVE_STDINT_H
| # include <stdint.h>
| #endif
| #ifdef HAVE_UNISTD_H
| # include <unistd.h>
| #endif
| 	        enum { N = 8 / 2 - 1 };
| int
| main ()
| {
| static int test_array [1 - 2 * !((int8_t) (((((int8_t) 1 << N) << N) - 1) * 2 + 1)
| 		 < (int8_t) (((((int8_t) 1 << N) << N) - 1) * 2 + 2))];
| test_array [0] = 0;
| return test_array [0];
| 
|   ;
|   return 0;
| }
configure:5054: result: yes
configure:5065: checking for size_t
configure:5065: gcc -c -g -O2  conftest.c >&5
configure:5065: $? = 0
configure:5065: gcc -c -g -O2  conftest.c >&5
conftest.c: In function 'main':
conftest.c:62:21: error: expected expression before ')' token
 if (sizeof ((size_t)))
                     ^
configure:5065: $? = 1
configure: failed program was:
| /* confdefs.h */
| #define PACKAGE_NAME "PyBSP"
| #define PACKAGE_TARNAME "pybsp"
| #define PACKAGE_VERSION "1.0"
| #define PACKAGE_STRING "PyBSP 1.0"
| #define PACKAGE_BUGREPORT "solker2015@gmail.com"
| #define PACKAGE_URL ""
| #define PACKAGE "PyBSP"
| #define VERSION "1.0"
| #define HAVE_LIBMPI 1
| #define HAVE_LIBMPI_CXX 1
| #define HAVE_LIBPYTHON2_7 1
| #define STDC_HEADERS 1
| #define HAVE_SYS_TYPES_H 1
| #define HAVE_SYS_STAT_H 1
| #define HAVE_STDLIB_H 1
| #define HAVE_STRING_H 1
| #define HAVE_MEMORY_H 1
| #define HAVE_STRINGS_H 1
| #define HAVE_INTTYPES_H 1
| #define HAVE_STDINT_H 1
| #define HAVE_UNISTD_H 1
| #define HAVE_STDINT_H 1
| #define HAVE__BOOL 1
| /* end confdefs.h.  */
| #include <stdio.h>
| #ifdef HAVE_SYS_TYPES_H
| # include <sys/types.h>
| #endif
| #ifdef HAVE_SYS_STAT_H
| # include <sys/stat.h>
| #endif
| #ifdef STDC_HEADERS
| # include <stdlib.h>
| # include <stddef.h>
| #else
| # ifdef HAVE_STDLIB_H
| #  include <stdlib.h>
| # endif
| #endif
| #ifdef HAVE_STRING_H
| # if !defined STDC_HEADERS && defined HAVE_MEMORY_H
| #  include <memory.h>
| # endif
| # include <string.h>
| #endif
| #ifdef HAVE_STRINGS_H
| # include <strings.h>
| #endif
| #ifdef HAVE_INTTYPES_H
| # include <inttypes.h>
| #endif
| #ifdef HAVE_STDINT_H
| # include <stdint.h>
| #endif
| #ifdef HAVE_UNISTD_H
| # include <unistd.h>
| #endif
| int
| main ()
| {
| if (sizeof ((size_t)))
| 	    return 0;
|   ;
|   return 0;
| }
configure:5065: result: yes
configure:5076: checking for ssize_t
configure:5076: gcc -c -g -O2  conftest.c >&5
configure:5076: $? = 0
configure:5076: gcc -c -g -O2  conftest.c >&5
conftest.c: In function 'main':
conftest.c:62:22: error: expected expression before ')' token
 if (sizeof ((ssize_t)))
                      ^
configure:5076: $? = 1
configure: failed program was:
| /* confdefs.h */
| #define PACKAGE_NAME "PyBSP"
| #define PACKAGE_TARNAME "pybsp"
| #define PACKAGE_VERSION "1.0"
| #define PACKAGE_STRING "PyBSP 1.0"
| #define PACKAGE_BUGREPORT "solker2015@gmail.com"
| #define PACKAGE_URL ""
| #define PACKAGE "PyBSP"
| #define VERSION "1.0"
| #define HAVE_LIBMPI 1
| #define HAVE_LIBMPI_CXX 1
| #define HAVE_LIBPYTHON2_7 1
| #define STDC_HEADERS 1
| #define HAVE_SYS_TYPES_H 1
| #define HAVE_SYS_STAT_H 1
| #define HAVE_STDLIB_H 1
| #define HAVE_STRING_H 1
| #define HAVE_MEMORY_H 1
| #define HAVE_STRINGS_H 1
| #define HAVE_INTTYPES_H 1
| #define HAVE_STDINT_H 1
| #define HAVE_UNISTD_H 1
| #define HAVE_STDINT_H 1
| #define HAVE__BOOL 1
| /* end confdefs.h.  */
| #include <stdio.h>
| #ifdef HAVE_SYS_TYPES_H
| # include <sys/types.h>
| #endif
| #ifdef HAVE_SYS_STAT_H
| # include <sys/stat.h>
| #endif
| #ifdef STDC_HEADERS
| # include <stdlib.h>
| # include <stddef.h>
| #else
| # ifdef HAVE_STDLIB_H
| #  include <stdlib.h>
| # endif
| #endif
| #ifdef HAVE_STRING_H
| # if !defined STDC_HEADERS && defined HAVE_MEMORY_H
| #  include <memory.h>
| # endif
| # include <string.h>
| #endif
| #ifdef HAVE_STRINGS_H
| # include <strings.h>
| #endif
| #ifdef HAVE_INTTYPES_H
| # include <inttypes.h>
| #endif
| #ifdef HAVE_STDINT_H
| # include <stdint.h>
| #endif
| #ifdef HAVE_UNISTD_H
| # include <unistd.h>
| #endif
| int
| main ()
| {
| if (sizeof ((ssize_t)))
| 	    return 0;
|   ;
|   return 0;
| }
configure:5076: result: yes
configure:5087: checking for uint16_t
configure:5087: gcc -c -g -O2  conftest.c >&5
configure:5087: $? = 0
configure:5087: result: yes
configure:5099: checking for uint32_t
configure:5099: gcc -c -g -O2  conftest.c >&5
configure:5099: $? = 0
configure:5099: result: yes
configure:5113: checking for uint64_t
configure:5113: gcc -c -g -O2  conftest.c >&5
configure:5113: $? = 0
configure:5113: result: yes
configure:5127: checking for uint8_t
configure:5127: gcc -c -g -O2  conftest.c >&5
configure:5127: $? = 0
configure:5127: result: yes
configure:5254: checking that generated files are newer than configure
configure:5260: result: done
configure:5287: creating ./config.status

## ---------------------- ##
## Running config.status. ##
## ---------------------- ##

This file was extended by PyBSP config.status 1.0, which was
generated by GNU Autoconf 2.69.  Invocation command line was

  CONFIG_FILES    = 
  CONFIG_HEADERS  = 
  CONFIG_LINKS    = 
  CONFIG_COMMANDS = 
  $ ./config.status 

on DataHacker

config.status:863: creating Makefile
config.status:863: creating config.h
config.status:1044: config.h is unchanged
config.status:1092: executing depfiles commands

## ---------------- ##
## Cache variables. ##
## ---------------- ##

ac_cv_c_compiler_gnu=yes
ac_cv_c_int16_t=yes
ac_cv_c_int32_t=yes
ac_cv_c_int64_t=yes
ac_cv_c_int8_t=yes
ac_cv_c_uint16_t=yes
ac_cv_c_uint32_t=yes
ac_cv_c_uint64_t=yes
ac_cv_c_uint8_t=yes
ac_cv_cxx_compiler_gnu=yes
ac_cv_env_CCC_set=
ac_cv_env_CCC_value=
ac_cv_env_CC_set=
ac_cv_env_CC_value=
ac_cv_env_CFLAGS_set=
ac_cv_env_CFLAGS_value=
ac_cv_env_CPPFLAGS_set=
ac_cv_env_CPPFLAGS_value=
ac_cv_env_CPP_set=
ac_cv_env_CPP_value=
ac_cv_env_CXXFLAGS_set=
ac_cv_env_CXXFLAGS_value=
ac_cv_env_CXX_set=
ac_cv_env_CXX_value=
ac_cv_env_LDFLAGS_set=
ac_cv_env_LDFLAGS_value=
ac_cv_env_LIBS_set=
ac_cv_env_LIBS_value=
ac_cv_env_build_alias_set=
ac_cv_env_build_alias_value=
ac_cv_env_host_alias_set=
ac_cv_env_host_alias_value=
ac_cv_env_target_alias_set=
ac_cv_env_target_alias_value=
ac_cv_header_Python_h=no
ac_cv_header_inttypes_h=yes
ac_cv_header_memory_h=yes
ac_cv_header_mpi_h=no
ac_cv_header_numpy_arrayobject_h=no
ac_cv_header_stdbool_h=yes
ac_cv_header_stdc=yes
ac_cv_header_stdint_h=yes
ac_cv_header_stdlib_h=yes
ac_cv_header_string_h=yes
ac_cv_header_strings_h=yes
ac_cv_header_sys_stat_h=yes
ac_cv_header_sys_types_h=yes
ac_cv_header_unistd_h=yes
ac_cv_lib_mpi_MPI_Init=yes
ac_cv_lib_mpi_cxx_main=yes
ac_cv_lib_python2_7_Py_Initialize=yes
ac_cv_objext=o
ac_cv_path_EGREP='/bin/grep -E'
ac_cv_path_GREP=/bin/grep
ac_cv_path_install='/usr/bin/install -c'
ac_cv_path_mkdir=/bin/mkdir
ac_cv_prog_AWK=mawk
ac_cv_prog_CPP='gcc -E'
ac_cv_prog_ac_ct_CC=gcc
ac_cv_prog_ac_ct_CXX=g++
ac_cv_prog_cc_c89=
ac_cv_prog_cc_g=yes
ac_cv_prog_cxx_g=yes
ac_cv_prog_make_make_set=yes
ac_cv_type__Bool=yes
ac_cv_type_size_t=yes
ac_cv_type_ssize_t=yes
am_cv_CC_dependencies_compiler_type=gcc3
am_cv_CXX_dependencies_compiler_type=gcc3
am_cv_make_support_nested_variables=yes
am_cv_prog_cc_c_o=yes

## ----------------- ##
## Output variables. ##
## ----------------- ##

ACLOCAL='${SHELL} /home/junfeng//PyBSP/missing aclocal-1.14'
AMDEPBACKSLASH='\'
AMDEP_FALSE='#'
AMDEP_TRUE=''
AMTAR='$${TAR-tar}'
AM_BACKSLASH='\'
AM_DEFAULT_V='$(AM_DEFAULT_VERBOSITY)'
AM_DEFAULT_VERBOSITY='1'
AM_V='$(V)'
AUTOCONF='${SHELL} /home/junfeng//PyBSP/missing autoconf'
AUTOHEADER='${SHELL} /home/junfeng//PyBSP/missing autoheader'
AUTOMAKE='${SHELL} /home/junfeng//PyBSP/missing automake-1.14'
AWK='mawk'
CC='gcc'
CCDEPMODE='depmode=gcc3'
CFLAGS='-g -O2'
CPP='gcc -E'
CPPFLAGS=''
CXX='g++'
CXXDEPMODE='depmode=gcc3'
CXXFLAGS='-g -O2'
CYGPATH_W='echo'
DEFS='-DHAVE_CONFIG_H'
DEPDIR='.deps'
ECHO_C=''
ECHO_N='-n'
ECHO_T=''
EGREP='/bin/grep -E'
EXEEXT=''
GREP='/bin/grep'
INSTALL_DATA='${INSTALL} -m 644'
INSTALL_PROGRAM='${INSTALL}'
INSTALL_SCRIPT='${INSTALL}'
INSTALL_STRIP_PROGRAM='$(install_sh) -c -s'
LDFLAGS=''
LIBOBJS=''
LIBS='-lpython2.7 -lmpi_cxx -lmpi '
LTLIBOBJS=''
MAKEINFO='${SHELL} /home/junfeng//PyBSP/missing makeinfo'
MKDIR_P='/bin/mkdir -p'
OBJEXT='o'
PACKAGE='PyBSP'
PACKAGE_BUGREPORT='solker2015@gmail.com'
PACKAGE_NAME='PyBSP'
PACKAGE_STRING='PyBSP 1.0'
PACKAGE_TARNAME='pybsp'
PACKAGE_URL=''
PACKAGE_VERSION='1.0'
PATH_SEPARATOR=':'
SET_MAKE=''
SHELL='/bin/bash'
STRIP=''
VERSION='1.0'
ac_ct_CC='gcc'
ac_ct_CXX='g++'
am__EXEEXT_FALSE=''
am__EXEEXT_TRUE='#'
am__fastdepCC_FALSE='#'
am__fastdepCC_TRUE=''
am__fastdepCXX_FALSE='#'
am__fastdepCXX_TRUE=''
am__include='include'
am__isrc=''
am__leading_dot='.'
am__nodep='_no'
am__quote=''
am__tar='$${TAR-tar} chof - "$$tardir"'
am__untar='$${TAR-tar} xf -'
bindir='${exec_prefix}/bin'
build_alias=''
datadir='${datarootdir}'
datarootdir='${prefix}/share'
docdir='${datarootdir}/doc/${PACKAGE_TARNAME}'
dvidir='${docdir}'
exec_prefix='${prefix}'
host_alias=''
htmldir='${docdir}'
includedir='${prefix}/include'
infodir='${datarootdir}/info'
install_sh='${SHELL} /home/junfeng//PyBSP/install-sh'
libdir='${exec_prefix}/lib'
libexecdir='${exec_prefix}/libexec'
localedir='${datarootdir}/locale'
localstatedir='${prefix}/var'
mandir='${datarootdir}/man'
mkdir_p='$(MKDIR_P)'
oldincludedir='/usr/include'
pdfdir='${docdir}'
prefix='/usr/local'
program_transform_name='s,x,x,'
psdir='${docdir}'
sbindir='${exec_prefix}/sbin'
sharedstatedir='${prefix}/com'
sysconfdir='${prefix}/etc'
target_alias=''

## ----------- ##
## confdefs.h. ##
## ----------- ##

/* confdefs.h */
#define PACKAGE_NAME "PyBSP"
#define PACKAGE_TARNAME "pybsp"
#define PACKAGE_VERSION "1.0"
#define PACKAGE_STRING "PyBSP 1.0"
#define PACKAGE_BUGREPORT "solker2015@gmail.com"
#define PACKAGE_URL ""
#define PACKAGE "PyBSP"
#define VERSION "1.0"
#define HAVE_LIBMPI 1
#define HAVE_LIBMPI_CXX 1
#define HAVE_LIBPYTHON2_7 1
#define STDC_HEADERS 1
#define HAVE_SYS_TYPES_H 1
#define HAVE_SYS_STAT_H 1
#define HAVE_STDLIB_H 1
#define HAVE_STRING_H 1
#define HAVE_MEMORY_H 1
#define HAVE_STRINGS_H 1
#define HAVE_INTTYPES_H 1
#define HAVE_STDINT_H 1
#define HAVE_UNISTD_H 1
#define HAVE_STDINT_H 1
#define HAVE__BOOL 1

configure: exit 0
